<?xml version="1.0" encoding="UTF-8"?>
<!-- Generated by org.testng.reporters.JUnitReportReporter -->
<testsuite hostname="poorani-PC" name="com.Selenium.TestNGPackage.DataProviderWithExcelTest" tests="2" failures="0" timestamp="3 Apr 2019 02:09:30 GMT" time="82.978" errors="0">
  <testcase name="tc1" time="47.874" classname="com.Selenium.TestNGPackage.DataProviderWithExcelTest"/>
  <testcase name="tc1" time="35.104" classname="com.Selenium.TestNGPackage.DataProviderWithExcelTest"/>
</testsuite> <!-- com.Selenium.TestNGPackage.DataProviderWithExcelTest -->
