<?xml version="1.0" encoding="UTF-8"?>
<!-- Generated by org.testng.reporters.JUnitReportReporter -->
<testsuite hostname="poorani-PC" name="com.Selenium.TestNGPackage.GroupsTest" tests="4" failures="0" timestamp="3 Apr 2019 02:30:45 GMT" time="0.051" errors="0">
  <testcase name="tc3" time="0.003" classname="com.Selenium.TestNGPackage.GroupsTest"/>
  <testcase name="tc1" time="0.042" classname="com.Selenium.TestNGPackage.GroupsTest"/>
  <testcase name="tc4" time="0.003" classname="com.Selenium.TestNGPackage.GroupsTest"/>
  <testcase name="tc2" time="0.003" classname="com.Selenium.TestNGPackage.GroupsTest"/>
</testsuite> <!-- com.Selenium.TestNGPackage.GroupsTest -->
