<?xml version="1.0" encoding="UTF-8"?>
<!-- Generated by org.testng.reporters.JUnitReportReporter -->
<testsuite hostname="poorani-PC" name="com.Selenium.TestNGPackage.Amazon" tests="1" failures="0" timestamp="6 Jun 2019 04:08:57 GMT" time="34.248" errors="0">
  <testcase name="testcase" time="34.248" classname="com.Selenium.TestNGPackage.Amazon"/>
</testsuite> <!-- com.Selenium.TestNGPackage.Amazon -->
