<?xml version="1.0" encoding="UTF-8"?>
<!-- Generated by org.testng.reporters.JUnitReportReporter -->
<testsuite hostname="poorani-PC" name="com.Selenium.TestNGPackage.DataProviderTest" tests="2" failures="0" timestamp="2 Apr 2019 02:50:42 GMT" time="71.291" errors="0">
  <testcase name="tc1" time="37.376" classname="com.Selenium.TestNGPackage.DataProviderTest"/>
  <testcase name="tc1" time="33.915" classname="com.Selenium.TestNGPackage.DataProviderTest"/>
</testsuite> <!-- com.Selenium.TestNGPackage.DataProviderTest -->
