<?xml version="1.0" encoding="UTF-8"?>
<!-- Generated by org.testng.reporters.JUnitReportReporter -->
<testsuite hostname="poorani-PC" name="com.Selenium.TestNGPackage.AlertClass" tests="1" failures="0" timestamp="16 Apr 2019 02:10:53 GMT" time="23.651" errors="0">
  <testcase name="tc02" time="23.651" classname="com.Selenium.TestNGPackage.AlertClass"/>
</testsuite> <!-- com.Selenium.TestNGPackage.AlertClass -->
