<?xml version="1.0" encoding="UTF-8"?>
<!-- Generated by org.testng.reporters.JUnitReportReporter -->
<testsuite hostname="poorani-PC" name="com.Selenium.TestNGPackage.BookingTest" tests="2" failures="0" timestamp="2 Apr 2019 02:45:28 GMT" time="90.073" errors="0">
  <testcase name="tc2" time="35.738" classname="com.Selenium.TestNGPackage.BookingTest"/>
  <testcase name="tc1" time="54.335" classname="com.Selenium.TestNGPackage.BookingTest"/>
</testsuite> <!-- com.Selenium.TestNGPackage.BookingTest -->
