<?xml version="1.0" encoding="UTF-8"?>
<!-- Generated by org.testng.reporters.JUnitReportReporter -->
<testsuite hostname="poorani-PC" name="com.Selenium.TestNGPackage.SeleniumGrid" tests="1" failures="0" timestamp="25 Apr 2019 02:11:06 GMT" time="52.268" errors="0">
  <testcase name="seleniumGrid" time="52.268" classname="com.Selenium.TestNGPackage.SeleniumGrid"/>
</testsuite> <!-- com.Selenium.TestNGPackage.SeleniumGrid -->
