<?xml version="1.0" encoding="UTF-8"?>
<!-- Generated by org.testng.reporters.JUnitReportReporter -->
<testsuite hostname="poorani-PC" name="com.Selenium.Advance.GroupMethod" tests="3" failures="0" timestamp="15 May 2020 19:00:23 GMT" time="0.023" errors="0">
  <testcase name="testcase" time="0.021" classname="com.Selenium.Advance.GroupMethod"/>
  <testcase name="testcase3" time="0.001" classname="com.Selenium.Advance.GroupMethod"/>
  <testcase name="testcase2" time="0.001" classname="com.Selenium.Advance.GroupMethod"/>
</testsuite> <!-- com.Selenium.Advance.GroupMethod -->
