<?xml version="1.0" encoding="UTF-8"?>
<!-- Generated by org.testng.reporters.JUnitReportReporter -->
<testsuite hostname="poorani-PC" name="com.Selenium.TestNGPackage.Annatation" tests="1" failures="0" timestamp="3 Apr 2019 02:00:00 GMT" time="0.008" errors="0">
  <testcase name="tc1" time="0.008" classname="com.Selenium.TestNGPackage.Annatation"/>
</testsuite> <!-- com.Selenium.TestNGPackage.Annatation -->
