<?xml version="1.0" encoding="UTF-8"?>
<!-- Generated by org.testng.reporters.JUnitReportReporter -->
<testsuite hostname="poorani-PC" name="com.Selenium.TestNGPackage.KeyboradActions" tests="1" failures="0" timestamp="16 Apr 2019 01:55:05 GMT" time="45.927" errors="0">
  <testcase name="tc02" time="45.927" classname="com.Selenium.TestNGPackage.KeyboradActions"/>
</testsuite> <!-- com.Selenium.TestNGPackage.KeyboradActions -->
