<?xml version="1.0" encoding="UTF-8"?>
<!-- Generated by org.testng.reporters.JUnitReportReporter -->
<testsuite hostname="poorani-PC" name="com.Selenium.TestNGPackage.Parallel" tests="5" failures="0" timestamp="10 Apr 2019 02:01:08 GMT" time="356.248" errors="1">
  <testcase name="tc03" time="47.891" classname="com.Selenium.TestNGPackage.Parallel"/>
  <testcase name="tc01" time="83.238" classname="com.Selenium.TestNGPackage.Parallel"/>
  <testcase name="tc02" time="74.063" classname="com.Selenium.TestNGPackage.Parallel"/>
  <testcase name="tc04" time="77.439" classname="com.Selenium.TestNGPackage.Parallel">
    <error type="org.openqa.selenium.WebDriverException" message="Failed to connect to binary FirefoxBinary(C:\Program Files\Mozilla Firefox\firefox.exe) on port 7058; process output follows: 
lse,&quot;hasBinaryComponents&quot;:false,&quot;strictCompatibility&quot;:false,&quot;locales&quot;:[],&quot;targetApplications&quot;:[{&quot;id&quot;:&quot;{ec8030f7-c20a-464f-9b0e-13a3a9e97384}&quot;,&quot;minVersion&quot;:&quot;45.0&quot;,&quot;maxVersion&quot;:&quot;45.*&quot;},{&quot;id&quot;:&quot;xpcshell@tests.mozilla.org&quot;,&quot;minVersion&quot;:&quot;0&quot;,&quot;maxVersion&quot;:&quot;10&quot;}],&quot;targetPlatforms&quot;:[],&quot;multiprocessCompatible&quot;:false,&quot;seen&quot;:true}
1554861600845	addons.xpi	DEBUG	getModTime: Recursive scan of loop@mozilla.org
1554861600847	addons.xpi	DEBUG	Updating XPIState for {&quot;id&quot;:&quot;{972ce4c6-7e08-4474-a285-3208198ce6fd}&quot;,&quot;syncGUID&quot;:&quot;Ni7joVf5Zl6Y&quot;,&quot;location&quot;:&quot;app-global&quot;,&quot;version&quot;:&quot;45.0.2&quot;,&quot;type&quot;:&quot;theme&quot;,&quot;internalName&quot;:&quot;classic/1.0&quot;,&quot;updateURL&quot;:null,&quot;updateKey&quot;:null,&quot;optionsURL&quot;:null,&quot;optionsType&quot;:null,&quot;aboutURL&quot;:null,&quot;icons&quot;:{&quot;32&quot;:&quot;icon.png&quot;,&quot;48&quot;:&quot;icon.png&quot;},&quot;iconURL&quot;:null,&quot;icon64URL&quot;:null,&quot;defaultLocale&quot;:{&quot;name&quot;:&quot;Default&quot;,&quot;description&quot;:&quot;The default theme.&quot;,&quot;creator&quot;:&quot;Mozilla&quot;,&quot;homepageURL&quot;:null,&quot;contributors&quot;:[&quot;Mozilla Contributors&quot;]},&quot;visible&quot;:true,&quot;active&quot;:true,&quot;userDisabled&quot;:false,&quot;appDisabled&quot;:false,&quot;descriptor&quot;:&quot;C:\\Program Files\\Mozilla Firefox\\browser\\extensions\\{972ce4c6-7e08-4474-a285-3208198ce6fd}.xpi&quot;,&quot;installDate&quot;:1460085042000,&quot;updateDate&quot;:1460085042000,&quot;applyBackgroundUpdates&quot;:1,&quot;skinnable&quot;:true,&quot;size&quot;:22012,&quot;sourceURI&quot;:null,&quot;releaseNotesURI&quot;:null,&quot;softDisabled&quot;:false,&quot;foreignInstall&quot;:false,&quot;hasBinaryComponents&quot;:false,&quot;strictCompatibility&quot;:true,&quot;locales&quot;:[],&quot;targetApplications&quot;:[{&quot;id&quot;:&quot;{ec8030f7-c20a-464f-9b0e-13a3a9e97384}&quot;,&quot;minVersion&quot;:&quot;45.0.2&quot;,&quot;maxVersion&quot;:&quot;45.0.2&quot;}],&quot;targetPlatforms&quot;:[],&quot;seen&quot;:true}
1554861600847	addons.xpi	DEBUG	getModTime: Recursive scan of {972ce4c6-7e08-4474-a285-3208198ce6fd}
1554861600850	DeferredSave.extensions.json	DEBUG	Save changes
1554861600852	addons.xpi	DEBUG	Updating database with changes to installed add-ons
1554861600852	addons.xpi-utils	DEBUG	Updating add-on states
1554861600855	addons.xpi-utils	DEBUG	Writing add-ons list
1554861600952	addons.xpi	DEBUG	Registering manifest for C:\Program Files\Mozilla Firefox\browser\features\loop@mozilla.org.xpi
1554861600954	addons.xpi	DEBUG	Calling bootstrap method startup on loop@mozilla.org version 1.1.14
1554861601120	addons.manager	DEBUG	Starting provider: &lt;unnamed-provider&gt;
1554861601121	addons.manager	DEBUG	Registering shutdown blocker for &lt;unnamed-provider&gt;
1554861601121	addons.manager	DEBUG	Provider finished startup: &lt;unnamed-provider&gt;
1554861601150	addons.manager	DEBUG	Registering shutdown blocker for XPIProvider
1554861601151	addons.manager	DEBUG	Provider finished startup: XPIProvider
1554861601151	addons.manager	DEBUG	Starting provider: LightweightThemeManager
1554861601151	addons.manager	DEBUG	Registering shutdown blocker for LightweightThemeManager
1554861601152	addons.manager	DEBUG	Provider finished startup: LightweightThemeManager
1554861601154	addons.manager	DEBUG	Starting provider: GMPProvider
1554861601205	addons.manager	DEBUG	Registering shutdown blocker for GMPProvider
1554861601205	addons.manager	DEBUG	Provider finished startup: GMPProvider
1554861601206	addons.manager	DEBUG	Starting provider: PluginProvider
1554861601206	addons.manager	DEBUG	Registering shutdown blocker for PluginProvider
1554861601206	addons.manager	DEBUG	Provider finished startup: PluginProvider
1554861601206	addons.manager	DEBUG	Completed startup sequence
1554861607744	DeferredSave.extensions.json	DEBUG	Starting write
1554861609923	addons.repository	DEBUG	No addons.json found.
1554861609924	DeferredSave.addons.json	DEBUG	Save changes
1554861609932	DeferredSave.addons.json	DEBUG	Starting timer
1554861610748	addons.manager	DEBUG	Starting provider: PreviousExperimentProvider
1554861610748	addons.manager	DEBUG	Registering shutdown blocker for PreviousExperimentProvider
1554861610749	addons.manager	DEBUG	Provider finished startup: PreviousExperimentProvider
1554861610754	DeferredSave.extensions.json	DEBUG	Write succeeded
1554861610756	addons.xpi-utils	DEBUG	XPI Database saved, setting schema version preference to 17
1554861610758	DeferredSave.addons.json	DEBUG	Starting write
1554861611005	DeferredSave.addons.json	DEBUG	Write succeeded

Build info: version: &#039;2.53.0&#039;, revision: &#039;35ae25b&#039;, time: &#039;2016-03-15 16:57:40&#039;
System info: host: &#039;poorani-PC&#039;, ip: &#039;192.168.43.14&#039;, os.name: &#039;Windows 7&#039;, os.arch: &#039;x86&#039;, os.version: &#039;6.1&#039;, java.version: &#039;1.8.0_131&#039;
Driver info: driver.version: FirefoxDriver">
      <![CDATA[org.openqa.selenium.WebDriverException: Failed to connect to binary FirefoxBinary(C:\Program Files\Mozilla Firefox\firefox.exe) on port 7058; process output follows: 
lse,"hasBinaryComponents":false,"strictCompatibility":false,"locales":[],"targetApplications":[{"id":"{ec8030f7-c20a-464f-9b0e-13a3a9e97384}","minVersion":"45.0","maxVersion":"45.*"},{"id":"xpcshell@tests.mozilla.org","minVersion":"0","maxVersion":"10"}],"targetPlatforms":[],"multiprocessCompatible":false,"seen":true}
1554861600845	addons.xpi	DEBUG	getModTime: Recursive scan of loop@mozilla.org
1554861600847	addons.xpi	DEBUG	Updating XPIState for {"id":"{972ce4c6-7e08-4474-a285-3208198ce6fd}","syncGUID":"Ni7joVf5Zl6Y","location":"app-global","version":"45.0.2","type":"theme","internalName":"classic/1.0","updateURL":null,"updateKey":null,"optionsURL":null,"optionsType":null,"aboutURL":null,"icons":{"32":"icon.png","48":"icon.png"},"iconURL":null,"icon64URL":null,"defaultLocale":{"name":"Default","description":"The default theme.","creator":"Mozilla","homepageURL":null,"contributors":["Mozilla Contributors"]},"visible":true,"active":true,"userDisabled":false,"appDisabled":false,"descriptor":"C:\\Program Files\\Mozilla Firefox\\browser\\extensions\\{972ce4c6-7e08-4474-a285-3208198ce6fd}.xpi","installDate":1460085042000,"updateDate":1460085042000,"applyBackgroundUpdates":1,"skinnable":true,"size":22012,"sourceURI":null,"releaseNotesURI":null,"softDisabled":false,"foreignInstall":false,"hasBinaryComponents":false,"strictCompatibility":true,"locales":[],"targetApplications":[{"id":"{ec8030f7-c20a-464f-9b0e-13a3a9e97384}","minVersion":"45.0.2","maxVersion":"45.0.2"}],"targetPlatforms":[],"seen":true}
1554861600847	addons.xpi	DEBUG	getModTime: Recursive scan of {972ce4c6-7e08-4474-a285-3208198ce6fd}
1554861600850	DeferredSave.extensions.json	DEBUG	Save changes
1554861600852	addons.xpi	DEBUG	Updating database with changes to installed add-ons
1554861600852	addons.xpi-utils	DEBUG	Updating add-on states
1554861600855	addons.xpi-utils	DEBUG	Writing add-ons list
1554861600952	addons.xpi	DEBUG	Registering manifest for C:\Program Files\Mozilla Firefox\browser\features\loop@mozilla.org.xpi
1554861600954	addons.xpi	DEBUG	Calling bootstrap method startup on loop@mozilla.org version 1.1.14
1554861601120	addons.manager	DEBUG	Starting provider: <unnamed-provider>
1554861601121	addons.manager	DEBUG	Registering shutdown blocker for <unnamed-provider>
1554861601121	addons.manager	DEBUG	Provider finished startup: <unnamed-provider>
1554861601150	addons.manager	DEBUG	Registering shutdown blocker for XPIProvider
1554861601151	addons.manager	DEBUG	Provider finished startup: XPIProvider
1554861601151	addons.manager	DEBUG	Starting provider: LightweightThemeManager
1554861601151	addons.manager	DEBUG	Registering shutdown blocker for LightweightThemeManager
1554861601152	addons.manager	DEBUG	Provider finished startup: LightweightThemeManager
1554861601154	addons.manager	DEBUG	Starting provider: GMPProvider
1554861601205	addons.manager	DEBUG	Registering shutdown blocker for GMPProvider
1554861601205	addons.manager	DEBUG	Provider finished startup: GMPProvider
1554861601206	addons.manager	DEBUG	Starting provider: PluginProvider
1554861601206	addons.manager	DEBUG	Registering shutdown blocker for PluginProvider
1554861601206	addons.manager	DEBUG	Provider finished startup: PluginProvider
1554861601206	addons.manager	DEBUG	Completed startup sequence
1554861607744	DeferredSave.extensions.json	DEBUG	Starting write
1554861609923	addons.repository	DEBUG	No addons.json found.
1554861609924	DeferredSave.addons.json	DEBUG	Save changes
1554861609932	DeferredSave.addons.json	DEBUG	Starting timer
1554861610748	addons.manager	DEBUG	Starting provider: PreviousExperimentProvider
1554861610748	addons.manager	DEBUG	Registering shutdown blocker for PreviousExperimentProvider
1554861610749	addons.manager	DEBUG	Provider finished startup: PreviousExperimentProvider
1554861610754	DeferredSave.extensions.json	DEBUG	Write succeeded
1554861610756	addons.xpi-utils	DEBUG	XPI Database saved, setting schema version preference to 17
1554861610758	DeferredSave.addons.json	DEBUG	Starting write
1554861611005	DeferredSave.addons.json	DEBUG	Write succeeded

Build info: version: '2.53.0', revision: '35ae25b', time: '2016-03-15 16:57:40'
System info: host: 'poorani-PC', ip: '192.168.43.14', os.name: 'Windows 7', os.arch: 'x86', os.version: '6.1', java.version: '1.8.0_131'
Driver info: driver.version: FirefoxDriver
	at org.openqa.selenium.firefox.internal.NewProfileExtensionConnection.start(NewProfileExtensionConnection.java:124)
	at org.openqa.selenium.firefox.FirefoxDriver.startClient(FirefoxDriver.java:271)
	at org.openqa.selenium.remote.RemoteWebDriver.<init>(RemoteWebDriver.java:119)
	at org.openqa.selenium.firefox.FirefoxDriver.<init>(FirefoxDriver.java:218)
	at org.openqa.selenium.firefox.FirefoxDriver.<init>(FirefoxDriver.java:211)
	at org.openqa.selenium.firefox.FirefoxDriver.<init>(FirefoxDriver.java:207)
	at org.openqa.selenium.firefox.FirefoxDriver.<init>(FirefoxDriver.java:120)
	at com.Selenium.TestNGPackage.Parallel.tc04(Parallel.java:45)
	at sun.reflect.NativeMethodAccessorImpl.invoke0(Native Method)
	at sun.reflect.NativeMethodAccessorImpl.invoke(Unknown Source)
	at sun.reflect.DelegatingMethodAccessorImpl.invoke(Unknown Source)
	at java.lang.reflect.Method.invoke(Unknown Source)
	at org.testng.internal.MethodInvocationHelper.invokeMethod(MethodInvocationHelper.java:85)
	at org.testng.internal.Invoker.invokeMethod(Invoker.java:639)
	at org.testng.internal.Invoker.invokeTestMethod(Invoker.java:816)
	at org.testng.internal.Invoker.invokeTestMethods(Invoker.java:1124)
	at org.testng.internal.TestMethodWorker.invokeTestMethods(TestMethodWorker.java:125)
	at org.testng.internal.TestMethodWorker.run(TestMethodWorker.java:108)
	at java.util.concurrent.ThreadPoolExecutor.runWorker(Unknown Source)
	at java.util.concurrent.ThreadPoolExecutor$Worker.run(Unknown Source)
	at java.lang.Thread.run(Unknown Source)
Caused by: org.openqa.selenium.firefox.NotConnectedException: Unable to connect to host 127.0.0.1 on port 7058 after 45000 ms. Firefox console output:
lse,"hasBinaryComponents":false,"strictCompatibility":false,"locales":[],"targetApplications":[{"id":"{ec8030f7-c20a-464f-9b0e-13a3a9e97384}","minVersion":"45.0","maxVersion":"45.*"},{"id":"xpcshell@tests.mozilla.org","minVersion":"0","maxVersion":"10"}],"targetPlatforms":[],"multiprocessCompatible":false,"seen":true}
1554861600845	addons.xpi	DEBUG	getModTime: Recursive scan of loop@mozilla.org
1554861600847	addons.xpi	DEBUG	Updating XPIState for {"id":"{972ce4c6-7e08-4474-a285-3208198ce6fd}","syncGUID":"Ni7joVf5Zl6Y","location":"app-global","version":"45.0.2","type":"theme","internalName":"classic/1.0","updateURL":null,"updateKey":null,"optionsURL":null,"optionsType":null,"aboutURL":null,"icons":{"32":"icon.png","48":"icon.png"},"iconURL":null,"icon64URL":null,"defaultLocale":{"name":"Default","description":"The default theme.","creator":"Mozilla","homepageURL":null,"contributors":["Mozilla Contributors"]},"visible":true,"active":true,"userDisabled":false,"appDisabled":false,"descriptor":"C:\\Program Files\\Mozilla Firefox\\browser\\extensions\\{972ce4c6-7e08-4474-a285-3208198ce6fd}.xpi","installDate":1460085042000,"updateDate":1460085042000,"applyBackgroundUpdates":1,"skinnable":true,"size":22012,"sourceURI":null,"releaseNotesURI":null,"softDisabled":false,"foreignInstall":false,"hasBinaryComponents":false,"strictCompatibility":true,"locales":[],"targetApplications":[{"id":"{ec8030f7-c20a-464f-9b0e-13a3a9e97384}","minVersion":"45.0.2","maxVersion":"45.0.2"}],"targetPlatforms":[],"seen":true}
1554861600847	addons.xpi	DEBUG	getModTime: Recursive scan of {972ce4c6-7e08-4474-a285-3208198ce6fd}
1554861600850	DeferredSave.extensions.json	DEBUG	Save changes
1554861600852	addons.xpi	DEBUG	Updating database with changes to installed add-ons
1554861600852	addons.xpi-utils	DEBUG	Updating add-on states
1554861600855	addons.xpi-utils	DEBUG	Writing add-ons list
1554861600952	addons.xpi	DEBUG	Registering manifest for C:\Program Files\Mozilla Firefox\browser\features\loop@mozilla.org.xpi
1554861600954	addons.xpi	DEBUG	Calling bootstrap method startup on loop@mozilla.org version 1.1.14
1554861601120	addons.manager	DEBUG	Starting provider: <unnamed-provider>
1554861601121	addons.manager	DEBUG	Registering shutdown blocker for <unnamed-provider>
1554861601121	addons.manager	DEBUG	Provider finished startup: <unnamed-provider>
1554861601150	addons.manager	DEBUG	Registering shutdown blocker for XPIProvider
1554861601151	addons.manager	DEBUG	Provider finished startup: XPIProvider
1554861601151	addons.manager	DEBUG	Starting provider: LightweightThemeManager
1554861601151	addons.manager	DEBUG	Registering shutdown blocker for LightweightThemeManager
1554861601152	addons.manager	DEBUG	Provider finished startup: LightweightThemeManager
1554861601154	addons.manager	DEBUG	Starting provider: GMPProvider
1554861601205	addons.manager	DEBUG	Registering shutdown blocker for GMPProvider
1554861601205	addons.manager	DEBUG	Provider finished startup: GMPProvider
1554861601206	addons.manager	DEBUG	Starting provider: PluginProvider
1554861601206	addons.manager	DEBUG	Registering shutdown blocker for PluginProvider
1554861601206	addons.manager	DEBUG	Provider finished startup: PluginProvider
1554861601206	addons.manager	DEBUG	Completed startup sequence
1554861607744	DeferredSave.extensions.json	DEBUG	Starting write
1554861609923	addons.repository	DEBUG	No addons.json found.
1554861609924	DeferredSave.addons.json	DEBUG	Save changes
1554861609932	DeferredSave.addons.json	DEBUG	Starting timer
1554861610748	addons.manager	DEBUG	Starting provider: PreviousExperimentProvider
1554861610748	addons.manager	DEBUG	Registering shutdown blocker for PreviousExperimentProvider
1554861610749	addons.manager	DEBUG	Provider finished startup: PreviousExperimentProvider
1554861610754	DeferredSave.extensions.json	DEBUG	Write succeeded
1554861610756	addons.xpi-utils	DEBUG	XPI Database saved, setting schema version preference to 17
1554861610758	DeferredSave.addons.json	DEBUG	Starting write
1554861611005	DeferredSave.addons.json	DEBUG	Write succeeded

	at org.openqa.selenium.firefox.internal.NewProfileExtensionConnection.start(NewProfileExtensionConnection.java:112)
	... 20 more
]]>
    </error>
  </testcase> <!-- tc04 -->
  <testcase name="tc05" time="73.617" classname="com.Selenium.TestNGPackage.Parallel"/>
</testsuite> <!-- com.Selenium.TestNGPackage.Parallel -->
